<?xml version="1.0" encoding="UTF-8"?>
<!-- Generated by org.testng.reporters.JUnitReportReporter -->
<testsuite hostname="Deepaks-MacBook-Pro.local" failures="0" tests="1" name="DataDrivenTesting.TC_001_XL" time="0.000" errors="0" timestamp="2021-01-18T23:51:23 EST" skipped="1">
  <testcase classname="DataDrivenTesting.TC_001_XL" name="getDataFromXl" time="0.000">
    <skipped/>
  </testcase> <!-- getDataFromXl -->
  <system-out/>
</testsuite> <!-- DataDrivenTesting.TC_001_XL -->
