<?xml version="1.0" encoding="UTF-8"?>
<!-- Generated by org.testng.reporters.JUnitReportReporter -->
<testsuite hostname="Deepaks-MacBook-Pro.local" failures="0" tests="1" name="TC_004_GET" time="2.666" errors="0" timestamp="2021-01-17T15:44:44 EST" skipped="0">
  <testcase classname="TC_004_GET" name="getmethod" time="2.666"/>
  <system-out/>
</testsuite> <!-- TC_004_GET -->
