<?xml version="1.0" encoding="UTF-8"?>
<!-- Generated by org.testng.reporters.JUnitReportReporter -->
<testsuite hostname="Deepaks-MacBook-Pro.local" failures="0" tests="1" name="TC_008_GET" time="3.464" errors="0" timestamp="2021-01-17T19:48:35 EST" skipped="0">
  <testcase classname="TC_008_GET" name="authentication" time="3.464"/>
  <system-out/>
</testsuite> <!-- TC_008_GET -->
