<?xml version="1.0" encoding="UTF-8"?>
<!-- Generated by org.testng.reporters.JUnitReportReporter -->
<testsuite hostname="Deepaks-MacBook-Pro.local" failures="0" tests="1" name="TC_001_GET" time="2.984" errors="0" timestamp="2021-01-17T14:12:30 EST" skipped="0">
  <testcase classname="TC_001_GET" name="getStatusCodeandLine" time="2.984"/>
  <system-out/>
</testsuite> <!-- TC_001_GET -->
