<?xml version="1.0" encoding="UTF-8"?>
<!-- Generated by org.testng.reporters.JUnitReportReporter -->
<testsuite hostname="Deepaks-MacBook-Pro.local" failures="0" tests="1" name="TC_006_GET" time="3.471" errors="0" timestamp="2021-01-17T17:19:28 EST" skipped="0">
  <testcase classname="TC_006_GET" name="getallheaders" time="3.471"/>
  <system-out/>
</testsuite> <!-- TC_006_GET -->
