<?xml version="1.0" encoding="UTF-8"?>
<!-- Generated by org.testng.reporters.JUnitReportReporter -->
<testsuite hostname="Deepaks-MacBook-Pro.local" failures="0" tests="1" name="TC_005_GET" time="2.857" errors="0" timestamp="2021-01-17T16:51:04 EST" skipped="0">
  <testcase classname="TC_005_GET" name="validateHeaders" time="2.857"/>
  <system-out/>
</testsuite> <!-- TC_005_GET -->
