<?xml version="1.0" encoding="UTF-8"?>
<!-- Generated by org.testng.reporters.JUnitReportReporter -->
<testsuite hostname="Deepaks-MacBook-Pro.local" failures="0" tests="1" name="TC_003_POST" time="3.466" errors="0" timestamp="2021-01-17T17:07:32 EST" skipped="0">
  <testcase classname="TC_003_POST" name="postmethod" time="3.466"/>
  <system-out/>
</testsuite> <!-- TC_003_POST -->
