<?xml version="1.0" encoding="UTF-8"?>
<!-- Generated by org.testng.reporters.JUnitReportReporter -->
<testsuite hostname="Deepaks-MacBook-Pro.local" failures="0" tests="1" name="TC_002_POST" time="3.294" errors="0" timestamp="2021-01-17T15:18:24 EST" skipped="0">
  <testcase classname="TC_002_POST" name="postmethod" time="3.294"/>
  <system-out/>
</testsuite> <!-- TC_002_POST -->
